{"/Users/deekshantjoshi/Data/Profile/JobApplications/Interviews/JKTech/jkt-app/backend/src/auth/auth.controller.ts": {"path":"/Users/deekshantjoshi/Data/Profile/JobApplications/Interviews/JKTech/jkt-app/backend/src/auth/auth.controller.ts","statementMap":{"0":{"start":{"line":1,"column":0},"end":{"line":1,"column":131}},"1":{"start":{"line":2,"column":0},"end":{"line":2,"column":50}},"2":{"start":{"line":3,"column":0},"end":{"line":3,"column":53}},"3":{"start":{"line":4,"column":0},"end":{"line":4,"column":60}},"4":{"start":{"line":8,"column":7},"end":{"line":45,"column":null}},"5":{"start":{"line":10,"column":12},"end":{"line":10,"column":25}},"6":{"start":{"line":11,"column":12},"end":{"line":11,"column":26}},"7":{"start":{"line":18,"column":17},"end":{"line":23,"column":6}},"8":{"start":{"line":25,"column":4},"end":{"line":27,"column":5}},"9":{"start":{"line":26,"column":6},"end":{"line":26,"column":91}},"10":{"start":{"line":29,"column":29},"end":{"line":29,"column":57}},"11":{"start":{"line":31,"column":4},"end":{"line":31,"column":34}},"12":{"start":{"line":38,"column":17},"end":{"line":38,"column":79}},"13":{"start":{"line":40,"column":4},"end":{"line":42,"column":5}},"14":{"start":{"line":41,"column":6},"end":{"line":41,"column":46}},"15":{"start":{"line":43,"column":4},"end":{"line":43,"column":40}},"16":{"start":{"line":8,"column":13},"end":{"line":8,"column":27}},"17":{"start":{"line":16,"column":8},"end":{"line":32,"column":null}},"18":{"start":{"line":36,"column":8},"end":{"line":44,"column":null}},"19":{"start":{"line":8,"column":13},"end":{"line":45,"column":null}}},"fnMap":{"0":{"name":"(anonymous_4)","decl":{"start":{"line":9,"column":2},"end":{"line":9,"column":null}},"loc":{"start":{"line":11,"column":38},"end":{"line":12,"column":6}}},"1":{"name":"(anonymous_5)","decl":{"start":{"line":16,"column":2},"end":{"line":16,"column":7}},"loc":{"start":{"line":16,"column":95},"end":{"line":32,"column":3}}},"2":{"name":"(anonymous_6)","decl":{"start":{"line":36,"column":2},"end":{"line":36,"column":7}},"loc":{"start":{"line":36,"column":63},"end":{"line":44,"column":3}}}},"branchMap":{"0":{"loc":{"start":{"line":22,"column":12},"end":{"line":22,"column":33}},"type":"binary-expr","locations":[{"start":{"line":22,"column":12},"end":{"line":22,"column":21}},{"start":{"line":22,"column":25},"end":{"line":22,"column":33}}]},"1":{"loc":{"start":{"line":25,"column":4},"end":{"line":27,"column":5}},"type":"if","locations":[{"start":{"line":25,"column":4},"end":{"line":27,"column":5}}]},"2":{"loc":{"start":{"line":40,"column":4},"end":{"line":42,"column":5}},"type":"if","locations":[{"start":{"line":40,"column":4},"end":{"line":42,"column":5}}]}},"s":{"0":1,"1":1,"2":1,"3":1,"4":1,"5":5,"6":5,"7":3,"8":3,"9":1,"10":2,"11":2,"12":2,"13":2,"14":1,"15":1,"16":1,"17":1,"18":1,"19":1},"f":{"0":5,"1":3,"2":2},"b":{"0":[3,2],"1":[1],"2":[1]}}
,"/Users/deekshantjoshi/Data/Profile/JobApplications/Interviews/JKTech/jkt-app/backend/src/auth/auth.service.ts": {"path":"/Users/deekshantjoshi/Data/Profile/JobApplications/Interviews/JKTech/jkt-app/backend/src/auth/auth.service.ts","statementMap":{"0":{"start":{"line":1,"column":0},"end":{"line":1,"column":44}},"1":{"start":{"line":2,"column":0},"end":{"line":2,"column":41}},"2":{"start":{"line":3,"column":0},"end":{"line":3,"column":33}},"3":{"start":{"line":4,"column":0},"end":{"line":4,"column":53}},"4":{"start":{"line":8,"column":7},"end":{"line":34,"column":null}},"5":{"start":{"line":10,"column":12},"end":{"line":10,"column":26}},"6":{"start":{"line":11,"column":12},"end":{"line":11,"column":24}},"7":{"start":{"line":20,"column":17},"end":{"line":20,"column":59}},"8":{"start":{"line":21,"column":4},"end":{"line":23,"column":5}},"9":{"start":{"line":22,"column":6},"end":{"line":22,"column":18}},"10":{"start":{"line":24,"column":4},"end":{"line":24,"column":16}},"11":{"start":{"line":28,"column":20},"end":{"line":28,"column":72}},"12":{"start":{"line":29,"column":4},"end":{"line":32,"column":6}},"13":{"start":{"line":8,"column":13},"end":{"line":8,"column":24}},"14":{"start":{"line":8,"column":13},"end":{"line":34,"column":null}}},"fnMap":{"0":{"name":"(anonymous_11)","decl":{"start":{"line":9,"column":2},"end":{"line":9,"column":null}},"loc":{"start":{"line":11,"column":34},"end":{"line":12,"column":6}}},"1":{"name":"(anonymous_12)","decl":{"start":{"line":19,"column":2},"end":{"line":19,"column":7}},"loc":{"start":{"line":19,"column":52},"end":{"line":25,"column":3}}},"2":{"name":"(anonymous_13)","decl":{"start":{"line":27,"column":2},"end":{"line":27,"column":7}},"loc":{"start":{"line":27,"column":18},"end":{"line":33,"column":3}}}},"branchMap":{"0":{"loc":{"start":{"line":21,"column":4},"end":{"line":23,"column":5}},"type":"if","locations":[{"start":{"line":21,"column":4},"end":{"line":23,"column":5}}]},"1":{"loc":{"start":{"line":21,"column":8},"end":{"line":21,"column":63}},"type":"binary-expr","locations":[{"start":{"line":21,"column":8},"end":{"line":21,"column":12}},{"start":{"line":21,"column":17},"end":{"line":21,"column":62}}]}},"s":{"0":2,"1":2,"2":2,"3":2,"4":2,"5":4,"6":4,"7":3,"8":3,"9":1,"10":2,"11":1,"12":1,"13":2,"14":2},"f":{"0":4,"1":3,"2":1},"b":{"0":[1],"1":[3,2]}}
,"/Users/deekshantjoshi/Data/Profile/JobApplications/Interviews/JKTech/jkt-app/backend/src/documents/document-chunks.controller.ts": {"path":"/Users/deekshantjoshi/Data/Profile/JobApplications/Interviews/JKTech/jkt-app/backend/src/documents/document-chunks.controller.ts","statementMap":{"0":{"start":{"line":1,"column":0},"end":{"line":1,"column":88}},"1":{"start":{"line":2,"column":0},"end":{"line":2,"column":53}},"2":{"start":{"line":3,"column":0},"end":{"line":3,"column":87}},"3":{"start":{"line":7,"column":7},"end":{"line":14,"column":null}},"4":{"start":{"line":8,"column":31},"end":{"line":8,"column":39}},"5":{"start":{"line":12,"column":4},"end":{"line":12,"column":53}},"6":{"start":{"line":7,"column":13},"end":{"line":7,"column":37}},"7":{"start":{"line":11,"column":8},"end":{"line":13,"column":null}},"8":{"start":{"line":7,"column":13},"end":{"line":14,"column":null}}},"fnMap":{"0":{"name":"(anonymous_4)","decl":{"start":{"line":8,"column":2},"end":{"line":8,"column":31}},"loc":{"start":{"line":8,"column":60},"end":{"line":8,"column":64}}},"1":{"name":"(anonymous_5)","decl":{"start":{"line":11,"column":2},"end":{"line":11,"column":7}},"loc":{"start":{"line":11,"column":137},"end":{"line":13,"column":3}}}},"branchMap":{"0":{"loc":{"start":{"line":11,"column":67},"end":{"line":11,"column":83}},"type":"default-arg","locations":[{"start":{"line":11,"column":82},"end":{"line":11,"column":83}}]},"1":{"loc":{"start":{"line":11,"column":117},"end":{"line":11,"column":137}},"type":"default-arg","locations":[{"start":{"line":11,"column":135},"end":{"line":11,"column":137}}]}},"s":{"0":0,"1":0,"2":0,"3":0,"4":0,"5":0,"6":0,"7":0,"8":0},"f":{"0":0,"1":0},"b":{"0":[0],"1":[0]}}
,"/Users/deekshantjoshi/Data/Profile/JobApplications/Interviews/JKTech/jkt-app/backend/src/documents/document-chunks.service.ts": {"path":"/Users/deekshantjoshi/Data/Profile/JobApplications/Interviews/JKTech/jkt-app/backend/src/documents/document-chunks.service.ts","statementMap":{"0":{"start":{"line":1,"column":0},"end":{"line":1,"column":44}},"1":{"start":{"line":2,"column":0},"end":{"line":2,"column":51}},"2":{"start":{"line":3,"column":0},"end":{"line":3,"column":37}},"3":{"start":{"line":4,"column":0},"end":{"line":4,"column":56}},"4":{"start":{"line":14,"column":7},"end":{"line":30,"column":null}},"5":{"start":{"line":17,"column":21},"end":{"line":17,"column":27}},"6":{"start":{"line":21,"column":28},"end":{"line":26,"column":6}},"7":{"start":{"line":28,"column":4},"end":{"line":28,"column":44}},"8":{"start":{"line":14,"column":13},"end":{"line":14,"column":34}},"9":{"start":{"line":14,"column":13},"end":{"line":30,"column":null}}},"fnMap":{"0":{"name":"(anonymous_4)","decl":{"start":{"line":15,"column":2},"end":{"line":15,"column":null}},"loc":{"start":{"line":17,"column":52},"end":{"line":18,"column":6}}},"1":{"name":"(anonymous_5)","decl":{"start":{"line":20,"column":2},"end":{"line":20,"column":7}},"loc":{"start":{"line":20,"column":61},"end":{"line":29,"column":3}}}},"branchMap":{"0":{"loc":{"start":{"line":20,"column":39},"end":{"line":20,"column":47}},"type":"default-arg","locations":[{"start":{"line":20,"column":46},"end":{"line":20,"column":47}}]},"1":{"loc":{"start":{"line":20,"column":49},"end":{"line":20,"column":61}},"type":"default-arg","locations":[{"start":{"line":20,"column":59},"end":{"line":20,"column":61}}]}},"s":{"0":0,"1":0,"2":0,"3":0,"4":0,"5":0,"6":0,"7":0,"8":0,"9":0},"f":{"0":0,"1":0},"b":{"0":[0],"1":[0]}}
,"/Users/deekshantjoshi/Data/Profile/JobApplications/Interviews/JKTech/jkt-app/backend/src/documents/documents.controller.ts": {"path":"/Users/deekshantjoshi/Data/Profile/JobApplications/Interviews/JKTech/jkt-app/backend/src/documents/documents.controller.ts","statementMap":{"0":{"start":{"line":1,"column":0},"end":{"line":1,"column":152}},"1":{"start":{"line":2,"column":0},"end":{"line":2,"column":55}},"2":{"start":{"line":3,"column":0},"end":{"line":3,"column":53}},"3":{"start":{"line":4,"column":0},"end":{"line":4,"column":48}},"4":{"start":{"line":5,"column":0},"end":{"line":5,"column":58}},"5":{"start":{"line":6,"column":0},"end":{"line":6,"column":56}},"6":{"start":{"line":8,"column":0},"end":{"line":8,"column":63}},"7":{"start":{"line":9,"column":0},"end":{"line":9,"column":59}},"8":{"start":{"line":10,"column":0},"end":{"line":10,"column":39}},"9":{"start":{"line":12,"column":26},"end":{"line":12,"column":134}},"10":{"start":{"line":17,"column":7},"end":{"line":57,"column":null}},"11":{"start":{"line":18,"column":22},"end":{"line":18,"column":35}},"12":{"start":{"line":22,"column":4},"end":{"line":22,"column":50}},"13":{"start":{"line":27,"column":21},"end":{"line":27,"column":71}},"14":{"start":{"line":29,"column":4},"end":{"line":31,"column":5}},"15":{"start":{"line":30,"column":6},"end":{"line":30,"column":56}},"16":{"start":{"line":32,"column":4},"end":{"line":32,"column":20}},"17":{"start":{"line":50,"column":4},"end":{"line":50,"column":57}},"18":{"start":{"line":55,"column":4},"end":{"line":55,"column":39}},"19":{"start":{"line":17,"column":13},"end":{"line":17,"column":32}},"20":{"start":{"line":21,"column":8},"end":{"line":23,"column":null}},"21":{"start":{"line":26,"column":8},"end":{"line":33,"column":null}},"22":{"start":{"line":49,"column":8},"end":{"line":51,"column":null}},"23":{"start":{"line":40,"column":8},"end":{"line":44,"column":9}},"24":{"start":{"line":41,"column":10},"end":{"line":41,"column":25}},"25":{"start":{"line":43,"column":10},"end":{"line":43,"column":127}},"26":{"start":{"line":54,"column":8},"end":{"line":56,"column":null}},"27":{"start":{"line":17,"column":13},"end":{"line":57,"column":null}}},"fnMap":{"0":{"name":"(anonymous_4)","decl":{"start":{"line":18,"column":2},"end":{"line":18,"column":22}},"loc":{"start":{"line":18,"column":51},"end":{"line":18,"column":55}}},"1":{"name":"(anonymous_5)","decl":{"start":{"line":21,"column":2},"end":{"line":21,"column":7}},"loc":{"start":{"line":21,"column":42},"end":{"line":23,"column":3}}},"2":{"name":"(anonymous_6)","decl":{"start":{"line":26,"column":2},"end":{"line":26,"column":7}},"loc":{"start":{"line":26,"column":67},"end":{"line":33,"column":3}}},"3":{"name":"(anonymous_7)","decl":{"start":{"line":49,"column":2},"end":{"line":49,"column":7}},"loc":{"start":{"line":49,"column":93},"end":{"line":51,"column":3}}},"4":{"name":"(anonymous_8)","decl":{"start":{"line":54,"column":2},"end":{"line":54,"column":7}},"loc":{"start":{"line":54,"column":38},"end":{"line":56,"column":3}}},"5":{"name":"(anonymous_9)","decl":{"start":{"line":39,"column":18},"end":{"line":39,"column":19}},"loc":{"start":{"line":39,"column":37},"end":{"line":45,"column":7}}}},"branchMap":{"0":{"loc":{"start":{"line":29,"column":4},"end":{"line":31,"column":5}},"type":"if","locations":[{"start":{"line":29,"column":4},"end":{"line":31,"column":5}}]},"1":{"loc":{"start":{"line":40,"column":8},"end":{"line":44,"column":9}},"type":"if","locations":[{"start":{"line":40,"column":8},"end":{"line":44,"column":9}},{"start":{"line":42,"column":15},"end":{"line":44,"column":9}}]},"2":{"loc":{"start":{"line":46,"column":35},"end":{"line":46,"column":68}},"type":"binary-expr","locations":[{"start":{"line":46,"column":35},"end":{"line":46,"column":60}},{"start":{"line":46,"column":64},"end":{"line":46,"column":68}}]}},"s":{"0":0,"1":0,"2":0,"3":0,"4":0,"5":0,"6":0,"7":0,"8":0,"9":0,"10":0,"11":0,"12":0,"13":0,"14":0,"15":0,"16":0,"17":0,"18":0,"19":0,"20":0,"21":0,"22":0,"23":0,"24":0,"25":0,"26":0,"27":0},"f":{"0":0,"1":0,"2":0,"3":0,"4":0,"5":0},"b":{"0":[0],"1":[0,0],"2":[0,0]}}
,"/Users/deekshantjoshi/Data/Profile/JobApplications/Interviews/JKTech/jkt-app/backend/src/documents/documents.service.ts": {"path":"/Users/deekshantjoshi/Data/Profile/JobApplications/Interviews/JKTech/jkt-app/backend/src/documents/documents.service.ts","statementMap":{"0":{"start":{"line":1,"column":0},"end":{"line":1,"column":84}},"1":{"start":{"line":2,"column":0},"end":{"line":2,"column":51}},"2":{"start":{"line":3,"column":0},"end":{"line":3,"column":37}},"3":{"start":{"line":4,"column":0},"end":{"line":4,"column":45}},"4":{"start":{"line":5,"column":0},"end":{"line":5,"column":30}},"5":{"start":{"line":6,"column":0},"end":{"line":6,"column":40}},"6":{"start":{"line":7,"column":0},"end":{"line":7,"column":65}},"7":{"start":{"line":8,"column":0},"end":{"line":8,"column":66}},"8":{"start":{"line":11,"column":7},"end":{"line":90,"column":null}},"9":{"start":{"line":14,"column":12},"end":{"line":14,"column":22}},"10":{"start":{"line":16,"column":21},"end":{"line":16,"column":32}},"11":{"start":{"line":17,"column":12},"end":{"line":17,"column":30}},"12":{"start":{"line":21,"column":17},"end":{"line":21,"column":34}},"13":{"start":{"line":22,"column":16},"end":{"line":22,"column":52}},"14":{"start":{"line":26,"column":4},"end":{"line":37,"column":5}},"15":{"start":{"line":27,"column":27},"end":{"line":27,"column":49}},"16":{"start":{"line":28,"column":6},"end":{"line":28,"column":26}},"17":{"start":{"line":29,"column":11},"end":{"line":37,"column":5}},"18":{"start":{"line":30,"column":24},"end":{"line":30,"column":77}},"19":{"start":{"line":31,"column":6},"end":{"line":31,"column":22}},"20":{"start":{"line":32,"column":11},"end":{"line":37,"column":5}},"21":{"start":{"line":33,"column":6},"end":{"line":33,"column":46}},"22":{"start":{"line":36,"column":6},"end":{"line":36,"column":74}},"23":{"start":{"line":40,"column":16},"end":{"line":40,"column":54}},"24":{"start":{"line":41,"column":21},"end":{"line":41,"column":50}},"25":{"start":{"line":44,"column":22},"end":{"line":44,"column":26}},"26":{"start":{"line":45,"column":36},"end":{"line":45,"column":38}},"27":{"start":{"line":46,"column":4},"end":{"line":54,"column":5}},"28":{"start":{"line":46,"column":17},"end":{"line":46,"column":18}},"29":{"start":{"line":47,"column":6},"end":{"line":53,"column":8}},"30":{"start":{"line":55,"column":4},"end":{"line":55,"column":38}},"31":{"start":{"line":58,"column":4},"end":{"line":58,"column":72}},"32":{"start":{"line":60,"column":4},"end":{"line":60,"column":47}},"33":{"start":{"line":64,"column":4},"end":{"line":64,"column":32}},"34":{"start":{"line":68,"column":4},"end":{"line":68,"column":43}},"35":{"start":{"line":72,"column":4},"end":{"line":75,"column":7}},"36":{"start":{"line":79,"column":4},"end":{"line":81,"column":7}},"37":{"start":{"line":85,"column":25},"end":{"line":85,"column":55}},"38":{"start":{"line":86,"column":4},"end":{"line":86,"column":75}},"39":{"start":{"line":86,"column":19},"end":{"line":86,"column":75}},"40":{"start":{"line":88,"column":4},"end":{"line":88,"column":16}},"41":{"start":{"line":11,"column":13},"end":{"line":11,"column":29}},"42":{"start":{"line":11,"column":13},"end":{"line":90,"column":null}}},"fnMap":{"0":{"name":"(anonymous_5)","decl":{"start":{"line":12,"column":2},"end":{"line":12,"column":null}},"loc":{"start":{"line":17,"column":46},"end":{"line":18,"column":6}}},"1":{"name":"(anonymous_6)","decl":{"start":{"line":20,"column":2},"end":{"line":20,"column":7}},"loc":{"start":{"line":20,"column":64},"end":{"line":61,"column":3}}},"2":{"name":"(anonymous_7)","decl":{"start":{"line":63,"column":2},"end":{"line":63,"column":7}},"loc":{"start":{"line":63,"column":15},"end":{"line":65,"column":3}}},"3":{"name":"(anonymous_8)","decl":{"start":{"line":67,"column":2},"end":{"line":67,"column":7}},"loc":{"start":{"line":67,"column":27},"end":{"line":69,"column":3}}},"4":{"name":"(anonymous_9)","decl":{"start":{"line":71,"column":2},"end":{"line":71,"column":7}},"loc":{"start":{"line":71,"column":36},"end":{"line":76,"column":3}}},"5":{"name":"(anonymous_10)","decl":{"start":{"line":78,"column":2},"end":{"line":78,"column":7}},"loc":{"start":{"line":78,"column":50},"end":{"line":82,"column":3}}},"6":{"name":"(anonymous_11)","decl":{"start":{"line":84,"column":2},"end":{"line":84,"column":7}},"loc":{"start":{"line":84,"column":25},"end":{"line":89,"column":3}}}},"branchMap":{"0":{"loc":{"start":{"line":26,"column":4},"end":{"line":37,"column":5}},"type":"if","locations":[{"start":{"line":26,"column":4},"end":{"line":37,"column":5}},{"start":{"line":29,"column":11},"end":{"line":37,"column":5}}]},"1":{"loc":{"start":{"line":29,"column":11},"end":{"line":37,"column":5}},"type":"if","locations":[{"start":{"line":29,"column":11},"end":{"line":37,"column":5}},{"start":{"line":32,"column":11},"end":{"line":37,"column":5}}]},"2":{"loc":{"start":{"line":32,"column":11},"end":{"line":37,"column":5}},"type":"if","locations":[{"start":{"line":32,"column":11},"end":{"line":37,"column":5}},{"start":{"line":34,"column":11},"end":{"line":37,"column":5}}]},"3":{"loc":{"start":{"line":86,"column":4},"end":{"line":86,"column":75}},"type":"if","locations":[{"start":{"line":86,"column":4},"end":{"line":86,"column":75}}]}},"s":{"0":1,"1":1,"2":1,"3":1,"4":1,"5":1,"6":1,"7":1,"8":1,"9":11,"10":11,"11":11,"12":4,"13":4,"14":4,"15":1,"16":1,"17":3,"18":1,"19":1,"20":2,"21":1,"22":1,"23":3,"24":3,"25":3,"26":3,"27":3,"28":3,"29":6,"30":3,"31":3,"32":3,"33":1,"34":4,"35":1,"36":1,"37":2,"38":2,"39":1,"40":1,"41":1,"42":1},"f":{"0":11,"1":4,"2":1,"3":4,"4":1,"5":1,"6":2},"b":{"0":[1,3],"1":[1,2],"2":[1,1],"3":[1]}}
,"/Users/deekshantjoshi/Data/Profile/JobApplications/Interviews/JKTech/jkt-app/backend/src/ingestion/ingestion.controller.ts": {"path":"/Users/deekshantjoshi/Data/Profile/JobApplications/Interviews/JKTech/jkt-app/backend/src/ingestion/ingestion.controller.ts","statementMap":{"0":{"start":{"line":1,"column":0},"end":{"line":1,"column":98}},"1":{"start":{"line":2,"column":0},"end":{"line":2,"column":65}},"2":{"start":{"line":3,"column":0},"end":{"line":3,"column":53}},"3":{"start":{"line":4,"column":0},"end":{"line":4,"column":48}},"4":{"start":{"line":5,"column":0},"end":{"line":5,"column":58}},"5":{"start":{"line":6,"column":0},"end":{"line":6,"column":56}},"6":{"start":{"line":7,"column":0},"end":{"line":7,"column":74}},"7":{"start":{"line":12,"column":7},"end":{"line":37,"column":null}},"8":{"start":{"line":13,"column":22},"end":{"line":13,"column":40}},"9":{"start":{"line":18,"column":4},"end":{"line":18,"column":46}},"10":{"start":{"line":24,"column":4},"end":{"line":24,"column":43}},"11":{"start":{"line":30,"column":16},"end":{"line":30,"column":55}},"12":{"start":{"line":32,"column":4},"end":{"line":34,"column":5}},"13":{"start":{"line":33,"column":6},"end":{"line":33,"column":51}},"14":{"start":{"line":35,"column":4},"end":{"line":35,"column":15}},"15":{"start":{"line":12,"column":13},"end":{"line":12,"column":32}},"16":{"start":{"line":17,"column":8},"end":{"line":19,"column":null}},"17":{"start":{"line":23,"column":8},"end":{"line":25,"column":null}},"18":{"start":{"line":29,"column":8},"end":{"line":36,"column":null}},"19":{"start":{"line":12,"column":13},"end":{"line":37,"column":null}}},"fnMap":{"0":{"name":"(anonymous_4)","decl":{"start":{"line":13,"column":2},"end":{"line":13,"column":22}},"loc":{"start":{"line":13,"column":56},"end":{"line":13,"column":60}}},"1":{"name":"(anonymous_5)","decl":{"start":{"line":17,"column":2},"end":{"line":17,"column":7}},"loc":{"start":{"line":17,"column":47},"end":{"line":19,"column":3}}},"2":{"name":"(anonymous_6)","decl":{"start":{"line":23,"column":2},"end":{"line":23,"column":7}},"loc":{"start":{"line":23,"column":12},"end":{"line":25,"column":3}}},"3":{"name":"(anonymous_7)","decl":{"start":{"line":29,"column":2},"end":{"line":29,"column":7}},"loc":{"start":{"line":29,"column":35},"end":{"line":36,"column":3}}}},"branchMap":{"0":{"loc":{"start":{"line":32,"column":4},"end":{"line":34,"column":5}},"type":"if","locations":[{"start":{"line":32,"column":4},"end":{"line":34,"column":5}}]}},"s":{"0":0,"1":0,"2":0,"3":0,"4":0,"5":0,"6":0,"7":0,"8":0,"9":0,"10":0,"11":0,"12":0,"13":0,"14":0,"15":0,"16":0,"17":0,"18":0,"19":0},"f":{"0":0,"1":0,"2":0,"3":0},"b":{"0":[0]}}
,"/Users/deekshantjoshi/Data/Profile/JobApplications/Interviews/JKTech/jkt-app/backend/src/ingestion/ingestion.processor.ts": {"path":"/Users/deekshantjoshi/Data/Profile/JobApplications/Interviews/JKTech/jkt-app/backend/src/ingestion/ingestion.processor.ts","statementMap":{"0":{"start":{"line":1,"column":0},"end":{"line":1,"column":50}},"1":{"start":{"line":3,"column":0},"end":{"line":3,"column":40}},"2":{"start":{"line":4,"column":0},"end":{"line":4,"column":55}},"3":{"start":{"line":5,"column":0},"end":{"line":5,"column":76}},"4":{"start":{"line":6,"column":0},"end":{"line":6,"column":44}},"5":{"start":{"line":7,"column":0},"end":{"line":7,"column":38}},"6":{"start":{"line":8,"column":0},"end":{"line":8,"column":47}},"7":{"start":{"line":11,"column":31},"end":{"line":65,"column":null}},"8":{"start":{"line":12,"column":28},"end":{"line":12,"column":63}},"9":{"start":{"line":16,"column":21},"end":{"line":16,"column":39}},"10":{"start":{"line":17,"column":21},"end":{"line":17,"column":35}},"11":{"start":{"line":18,"column":21},"end":{"line":18,"column":27}},"12":{"start":{"line":19,"column":21},"end":{"line":19,"column":29}},"13":{"start":{"line":21,"column":4},"end":{"line":21,"column":88}},"14":{"start":{"line":31,"column":18},"end":{"line":31,"column":32}},"15":{"start":{"line":34,"column":4},"end":{"line":34,"column":63}},"16":{"start":{"line":37,"column":22},"end":{"line":37,"column":64}},"17":{"start":{"line":38,"column":4},"end":{"line":41,"column":5}},"18":{"start":{"line":39,"column":6},"end":{"line":39,"column":50}},"19":{"start":{"line":40,"column":6},"end":{"line":40,"column":13}},"20":{"start":{"line":43,"column":4},"end":{"line":63,"column":5}},"21":{"start":{"line":45,"column":6},"end":{"line":56,"column":7}},"22":{"start":{"line":46,"column":27},"end":{"line":46,"column":97}},"23":{"start":{"line":47,"column":22},"end":{"line":47,"column":55}},"24":{"start":{"line":47,"column":44},"end":{"line":47,"column":54}},"25":{"start":{"line":49,"column":8},"end":{"line":55,"column":10}},"26":{"start":{"line":59,"column":6},"end":{"line":59,"column":62}},"27":{"start":{"line":61,"column":6},"end":{"line":61,"column":54}},"28":{"start":{"line":62,"column":6},"end":{"line":62,"column":64}},"29":{"start":{"line":11,"column":13},"end":{"line":11,"column":31}},"30":{"start":{"line":30,"column":8},"end":{"line":64,"column":null}},"31":{"start":{"line":11,"column":13},"end":{"line":65,"column":null}}},"fnMap":{"0":{"name":"(anonymous_2)","decl":{"start":{"line":15,"column":2},"end":{"line":15,"column":null}},"loc":{"start":{"line":19,"column":42},"end":{"line":22,"column":3}}},"1":{"name":"(anonymous_3)","decl":{"start":{"line":30,"column":2},"end":{"line":30,"column":7}},"loc":{"start":{"line":30,"column":49},"end":{"line":64,"column":3}}},"2":{"name":"(anonymous_4)","decl":{"start":{"line":47,"column":33},"end":{"line":47,"column":34}},"loc":{"start":{"line":47,"column":44},"end":{"line":47,"column":54}}}},"branchMap":{"0":{"loc":{"start":{"line":21,"column":18},"end":{"line":21,"column":87}},"type":"binary-expr","locations":[{"start":{"line":21,"column":18},"end":{"line":21,"column":60}},{"start":{"line":21,"column":64},"end":{"line":21,"column":87}}]},"1":{"loc":{"start":{"line":38,"column":4},"end":{"line":41,"column":5}},"type":"if","locations":[{"start":{"line":38,"column":4},"end":{"line":41,"column":5}}]}},"s":{"0":0,"1":0,"2":0,"3":0,"4":0,"5":0,"6":0,"7":0,"8":0,"9":0,"10":0,"11":0,"12":0,"13":0,"14":0,"15":0,"16":0,"17":0,"18":0,"19":0,"20":0,"21":0,"22":0,"23":0,"24":0,"25":0,"26":0,"27":0,"28":0,"29":0,"30":0,"31":0},"f":{"0":0,"1":0,"2":0},"b":{"0":[0,0],"1":[0]}}
,"/Users/deekshantjoshi/Data/Profile/JobApplications/Interviews/JKTech/jkt-app/backend/src/ingestion/ingestion.service.ts": {"path":"/Users/deekshantjoshi/Data/Profile/JobApplications/Interviews/JKTech/jkt-app/backend/src/ingestion/ingestion.service.ts","statementMap":{"0":{"start":{"line":1,"column":0},"end":{"line":1,"column":71}},"1":{"start":{"line":2,"column":0},"end":{"line":2,"column":51}},"2":{"start":{"line":3,"column":0},"end":{"line":3,"column":81}},"3":{"start":{"line":4,"column":0},"end":{"line":4,"column":41}},"4":{"start":{"line":6,"column":0},"end":{"line":6,"column":55}},"5":{"start":{"line":7,"column":0},"end":{"line":7,"column":43}},"6":{"start":{"line":11,"column":29},"end":{"line":54,"column":null}},"7":{"start":{"line":12,"column":28},"end":{"line":12,"column":61}},"8":{"start":{"line":16,"column":12},"end":{"line":16,"column":27}},"9":{"start":{"line":18,"column":21},"end":{"line":18,"column":31}},"10":{"start":{"line":20,"column":21},"end":{"line":20,"column":42}},"11":{"start":{"line":25,"column":17},"end":{"line":25,"column":72}},"12":{"start":{"line":26,"column":4},"end":{"line":28,"column":5}},"13":{"start":{"line":27,"column":6},"end":{"line":27,"column":94}},"14":{"start":{"line":30,"column":16},"end":{"line":30,"column":81}},"15":{"start":{"line":31,"column":4},"end":{"line":31,"column":39}},"16":{"start":{"line":34,"column":4},"end":{"line":34,"column":64}},"17":{"start":{"line":37,"column":4},"end":{"line":37,"column":41}},"18":{"start":{"line":41,"column":4},"end":{"line":41,"column":55}},"19":{"start":{"line":45,"column":4},"end":{"line":45,"column":95}},"20":{"start":{"line":49,"column":4},"end":{"line":52,"column":7}},"21":{"start":{"line":11,"column":13},"end":{"line":11,"column":29}},"22":{"start":{"line":11,"column":13},"end":{"line":54,"column":null}}},"fnMap":{"0":{"name":"(anonymous_4)","decl":{"start":{"line":14,"column":2},"end":{"line":14,"column":null}},"loc":{"start":{"line":20,"column":42},"end":{"line":21,"column":6}}},"1":{"name":"(anonymous_5)","decl":{"start":{"line":23,"column":2},"end":{"line":23,"column":7}},"loc":{"start":{"line":23,"column":39},"end":{"line":38,"column":3}}},"2":{"name":"(anonymous_6)","decl":{"start":{"line":40,"column":2},"end":{"line":40,"column":7}},"loc":{"start":{"line":40,"column":59},"end":{"line":42,"column":3}}},"3":{"name":"(anonymous_7)","decl":{"start":{"line":44,"column":2},"end":{"line":44,"column":9}},"loc":{"start":{"line":44,"column":9},"end":{"line":46,"column":3}}},"4":{"name":"(anonymous_8)","decl":{"start":{"line":48,"column":2},"end":{"line":48,"column":9}},"loc":{"start":{"line":48,"column":20},"end":{"line":53,"column":3}}}},"branchMap":{"0":{"loc":{"start":{"line":26,"column":4},"end":{"line":28,"column":5}},"type":"if","locations":[{"start":{"line":26,"column":4},"end":{"line":28,"column":5}}]}},"s":{"0":2,"1":2,"2":2,"3":2,"4":2,"5":2,"6":2,"7":5,"8":5,"9":5,"10":5,"11":2,"12":2,"13":1,"14":1,"15":1,"16":1,"17":1,"18":1,"19":1,"20":2,"21":2,"22":2},"f":{"0":5,"1":2,"2":1,"3":1,"4":2},"b":{"0":[1]}}
,"/Users/deekshantjoshi/Data/Profile/JobApplications/Interviews/JKTech/jkt-app/backend/src/users/users.controller.ts": {"path":"/Users/deekshantjoshi/Data/Profile/JobApplications/Interviews/JKTech/jkt-app/backend/src/users/users.controller.ts","statementMap":{"0":{"start":{"line":1,"column":0},"end":{"line":1,"column":107}},"1":{"start":{"line":2,"column":0},"end":{"line":2,"column":53}},"2":{"start":{"line":3,"column":0},"end":{"line":3,"column":75}},"3":{"start":{"line":4,"column":0},"end":{"line":4,"column":53}},"4":{"start":{"line":5,"column":0},"end":{"line":5,"column":48}},"5":{"start":{"line":6,"column":0},"end":{"line":6,"column":58}},"6":{"start":{"line":12,"column":7},"end":{"line":39,"column":null}},"7":{"start":{"line":13,"column":22},"end":{"line":13,"column":36}},"8":{"start":{"line":17,"column":4},"end":{"line":17,"column":39}},"9":{"start":{"line":22,"column":17},"end":{"line":22,"column":53}},"10":{"start":{"line":24,"column":4},"end":{"line":26,"column":5}},"11":{"start":{"line":25,"column":6},"end":{"line":25,"column":52}},"12":{"start":{"line":27,"column":4},"end":{"line":27,"column":16}},"13":{"start":{"line":32,"column":4},"end":{"line":32,"column":49}},"14":{"start":{"line":37,"column":4},"end":{"line":37,"column":40}},"15":{"start":{"line":12,"column":13},"end":{"line":12,"column":28}},"16":{"start":{"line":16,"column":8},"end":{"line":18,"column":null}},"17":{"start":{"line":21,"column":8},"end":{"line":28,"column":null}},"18":{"start":{"line":31,"column":8},"end":{"line":33,"column":null}},"19":{"start":{"line":36,"column":8},"end":{"line":38,"column":null}},"20":{"start":{"line":12,"column":13},"end":{"line":39,"column":null}}},"fnMap":{"0":{"name":"(anonymous_4)","decl":{"start":{"line":13,"column":2},"end":{"line":13,"column":22}},"loc":{"start":{"line":13,"column":48},"end":{"line":13,"column":52}}},"1":{"name":"(anonymous_5)","decl":{"start":{"line":16,"column":2},"end":{"line":16,"column":7}},"loc":{"start":{"line":16,"column":15},"end":{"line":18,"column":3}}},"2":{"name":"(anonymous_6)","decl":{"start":{"line":21,"column":2},"end":{"line":21,"column":7}},"loc":{"start":{"line":21,"column":36},"end":{"line":28,"column":3}}},"3":{"name":"(anonymous_7)","decl":{"start":{"line":31,"column":2},"end":{"line":31,"column":7}},"loc":{"start":{"line":31,"column":74},"end":{"line":33,"column":3}}},"4":{"name":"(anonymous_8)","decl":{"start":{"line":36,"column":2},"end":{"line":36,"column":7}},"loc":{"start":{"line":36,"column":38},"end":{"line":38,"column":3}}}},"branchMap":{"0":{"loc":{"start":{"line":24,"column":4},"end":{"line":26,"column":5}},"type":"if","locations":[{"start":{"line":24,"column":4},"end":{"line":26,"column":5}}]}},"s":{"0":0,"1":0,"2":0,"3":0,"4":0,"5":0,"6":0,"7":0,"8":0,"9":0,"10":0,"11":0,"12":0,"13":0,"14":0,"15":0,"16":0,"17":0,"18":0,"19":0,"20":0},"f":{"0":0,"1":0,"2":0,"3":0,"4":0},"b":{"0":[0]}}
,"/Users/deekshantjoshi/Data/Profile/JobApplications/Interviews/JKTech/jkt-app/backend/src/users/users.service.ts": {"path":"/Users/deekshantjoshi/Data/Profile/JobApplications/Interviews/JKTech/jkt-app/backend/src/users/users.service.ts","statementMap":{"0":{"start":{"line":1,"column":0},"end":{"line":1,"column":82}},"1":{"start":{"line":2,"column":0},"end":{"line":2,"column":51}},"2":{"start":{"line":3,"column":0},"end":{"line":3,"column":37}},"3":{"start":{"line":4,"column":0},"end":{"line":4,"column":43}},"4":{"start":{"line":7,"column":0},"end":{"line":7,"column":33}},"5":{"start":{"line":10,"column":7},"end":{"line":64,"column":null}},"6":{"start":{"line":13,"column":21},"end":{"line":13,"column":32}},"7":{"start":{"line":17,"column":19},"end":{"line":17,"column":80}},"8":{"start":{"line":18,"column":4},"end":{"line":20,"column":5}},"9":{"start":{"line":19,"column":6},"end":{"line":19,"column":65}},"10":{"start":{"line":23,"column":19},"end":{"line":23,"column":54}},"11":{"start":{"line":26,"column":17},"end":{"line":31,"column":6}},"12":{"start":{"line":33,"column":4},"end":{"line":33,"column":43}},"13":{"start":{"line":37,"column":4},"end":{"line":37,"column":109}},"14":{"start":{"line":41,"column":4},"end":{"line":41,"column":94}},"15":{"start":{"line":45,"column":4},"end":{"line":45,"column":76}},"16":{"start":{"line":49,"column":17},"end":{"line":49,"column":64}},"17":{"start":{"line":51,"column":4},"end":{"line":51,"column":67}},"18":{"start":{"line":51,"column":15},"end":{"line":51,"column":67}},"19":{"start":{"line":53,"column":4},"end":{"line":53,"column":25}},"20":{"start":{"line":55,"column":4},"end":{"line":55,"column":43}},"21":{"start":{"line":59,"column":25},"end":{"line":59,"column":56}},"22":{"start":{"line":60,"column":4},"end":{"line":60,"column":71}},"23":{"start":{"line":60,"column":19},"end":{"line":60,"column":71}},"24":{"start":{"line":62,"column":4},"end":{"line":62,"column":16}},"25":{"start":{"line":10,"column":13},"end":{"line":10,"column":25}},"26":{"start":{"line":10,"column":13},"end":{"line":64,"column":null}}},"fnMap":{"0":{"name":"(anonymous_13)","decl":{"start":{"line":11,"column":2},"end":{"line":11,"column":null}},"loc":{"start":{"line":13,"column":48},"end":{"line":14,"column":6}}},"1":{"name":"(anonymous_14)","decl":{"start":{"line":16,"column":2},"end":{"line":16,"column":7}},"loc":{"start":{"line":16,"column":33},"end":{"line":34,"column":3}}},"2":{"name":"(anonymous_15)","decl":{"start":{"line":36,"column":2},"end":{"line":36,"column":13}},"loc":{"start":{"line":36,"column":27},"end":{"line":38,"column":3}}},"3":{"name":"(anonymous_16)","decl":{"start":{"line":40,"column":2},"end":{"line":40,"column":10}},"loc":{"start":{"line":40,"column":21},"end":{"line":42,"column":3}}},"4":{"name":"(anonymous_17)","decl":{"start":{"line":44,"column":2},"end":{"line":44,"column":9}},"loc":{"start":{"line":44,"column":9},"end":{"line":46,"column":3}}},"5":{"name":"(anonymous_18)","decl":{"start":{"line":48,"column":2},"end":{"line":48,"column":7}},"loc":{"start":{"line":48,"column":53},"end":{"line":56,"column":3}}},"6":{"name":"(anonymous_19)","decl":{"start":{"line":58,"column":2},"end":{"line":58,"column":7}},"loc":{"start":{"line":58,"column":25},"end":{"line":63,"column":3}}}},"branchMap":{"0":{"loc":{"start":{"line":18,"column":4},"end":{"line":20,"column":5}},"type":"if","locations":[{"start":{"line":18,"column":4},"end":{"line":20,"column":5}}]},"1":{"loc":{"start":{"line":51,"column":4},"end":{"line":51,"column":67}},"type":"if","locations":[{"start":{"line":51,"column":4},"end":{"line":51,"column":67}}]},"2":{"loc":{"start":{"line":60,"column":4},"end":{"line":60,"column":71}},"type":"if","locations":[{"start":{"line":60,"column":4},"end":{"line":60,"column":71}}]}},"s":{"0":3,"1":3,"2":3,"3":3,"4":3,"5":3,"6":10,"7":2,"8":2,"9":1,"10":1,"11":1,"12":1,"13":1,"14":1,"15":1,"16":2,"17":2,"18":1,"19":1,"20":1,"21":2,"22":2,"23":1,"24":1,"25":3,"26":3},"f":{"0":10,"1":2,"2":1,"3":1,"4":1,"5":2,"6":2},"b":{"0":[1],"1":[1],"2":[1]}}
}
