TN:
SF:src/auth/auth.controller.ts
FN:9,(anonymous_4)
FN:16,(anonymous_5)
FN:36,(anonymous_6)
FNF:3
FNH:3
FNDA:5,(anonymous_4)
FNDA:3,(anonymous_5)
FNDA:2,(anonymous_6)
DA:1,1
DA:2,1
DA:3,1
DA:4,1
DA:8,1
DA:10,5
DA:11,5
DA:16,1
DA:18,3
DA:25,3
DA:26,1
DA:29,2
DA:31,2
DA:36,1
DA:38,2
DA:40,2
DA:41,1
DA:43,1
LF:18
LH:18
BRDA:22,0,0,3
BRDA:22,0,1,2
BRDA:25,1,0,1
BRDA:40,2,0,1
BRF:4
BRH:4
end_of_record
TN:
SF:src/auth/auth.service.ts
FN:9,(anonymous_11)
FN:19,(anonymous_12)
FN:27,(anonymous_13)
FNF:3
FNH:3
FNDA:4,(anonymous_11)
FNDA:3,(anonymous_12)
FNDA:1,(anonymous_13)
DA:1,2
DA:2,2
DA:3,2
DA:4,2
DA:8,2
DA:10,4
DA:11,4
DA:20,3
DA:21,3
DA:22,1
DA:24,2
DA:28,1
DA:29,1
LF:13
LH:13
BRDA:21,0,0,1
BRDA:21,1,0,3
BRDA:21,1,1,2
BRF:3
BRH:3
end_of_record
TN:
SF:src/documents/document-chunks.controller.ts
FN:8,(anonymous_4)
FN:11,(anonymous_5)
FNF:2
FNH:0
FNDA:0,(anonymous_4)
FNDA:0,(anonymous_5)
DA:1,0
DA:2,0
DA:3,0
DA:7,0
DA:8,0
DA:11,0
DA:12,0
LF:7
LH:0
BRDA:11,0,0,0
BRDA:11,1,0,0
BRF:2
BRH:0
end_of_record
TN:
SF:src/documents/document-chunks.service.ts
FN:15,(anonymous_4)
FN:20,(anonymous_5)
FNF:2
FNH:0
FNDA:0,(anonymous_4)
FNDA:0,(anonymous_5)
DA:1,0
DA:2,0
DA:3,0
DA:4,0
DA:14,0
DA:17,0
DA:21,0
DA:28,0
LF:8
LH:0
BRDA:20,0,0,0
BRDA:20,1,0,0
BRF:2
BRH:0
end_of_record
TN:
SF:src/documents/documents.controller.ts
FN:18,(anonymous_4)
FN:21,(anonymous_5)
FN:26,(anonymous_6)
FN:49,(anonymous_7)
FN:54,(anonymous_8)
FN:39,(anonymous_9)
FNF:6
FNH:0
FNDA:0,(anonymous_4)
FNDA:0,(anonymous_5)
FNDA:0,(anonymous_6)
FNDA:0,(anonymous_7)
FNDA:0,(anonymous_8)
FNDA:0,(anonymous_9)
DA:1,0
DA:2,0
DA:3,0
DA:4,0
DA:5,0
DA:6,0
DA:8,0
DA:9,0
DA:10,0
DA:12,0
DA:17,0
DA:18,0
DA:21,0
DA:22,0
DA:26,0
DA:27,0
DA:29,0
DA:30,0
DA:32,0
DA:40,0
DA:41,0
DA:43,0
DA:49,0
DA:50,0
DA:54,0
DA:55,0
LF:26
LH:0
BRDA:29,0,0,0
BRDA:40,1,0,0
BRDA:40,1,1,0
BRDA:46,2,0,0
BRDA:46,2,1,0
BRF:5
BRH:0
end_of_record
TN:
SF:src/documents/documents.service.ts
FN:12,(anonymous_5)
FN:20,(anonymous_6)
FN:63,(anonymous_7)
FN:67,(anonymous_8)
FN:71,(anonymous_9)
FN:78,(anonymous_10)
FN:84,(anonymous_11)
FNF:7
FNH:7
FNDA:11,(anonymous_5)
FNDA:4,(anonymous_6)
FNDA:1,(anonymous_7)
FNDA:4,(anonymous_8)
FNDA:1,(anonymous_9)
FNDA:1,(anonymous_10)
FNDA:2,(anonymous_11)
DA:1,1
DA:2,1
DA:3,1
DA:4,1
DA:5,1
DA:6,1
DA:7,1
DA:8,1
DA:11,1
DA:14,11
DA:16,11
DA:17,11
DA:21,4
DA:22,4
DA:26,4
DA:27,1
DA:28,1
DA:29,3
DA:30,1
DA:31,1
DA:32,2
DA:33,1
DA:36,1
DA:40,3
DA:41,3
DA:44,3
DA:45,3
DA:46,3
DA:47,6
DA:55,3
DA:58,3
DA:60,3
DA:64,1
DA:68,4
DA:72,1
DA:79,1
DA:85,2
DA:86,2
DA:88,1
LF:39
LH:39
BRDA:26,0,0,1
BRDA:26,0,1,3
BRDA:29,1,0,1
BRDA:29,1,1,2
BRDA:32,2,0,1
BRDA:32,2,1,1
BRDA:86,3,0,1
BRF:7
BRH:7
end_of_record
TN:
SF:src/ingestion/ingestion.controller.ts
FN:13,(anonymous_4)
FN:17,(anonymous_5)
FN:23,(anonymous_6)
FN:29,(anonymous_7)
FNF:4
FNH:0
FNDA:0,(anonymous_4)
FNDA:0,(anonymous_5)
FNDA:0,(anonymous_6)
FNDA:0,(anonymous_7)
DA:1,0
DA:2,0
DA:3,0
DA:4,0
DA:5,0
DA:6,0
DA:7,0
DA:12,0
DA:13,0
DA:17,0
DA:18,0
DA:23,0
DA:24,0
DA:29,0
DA:30,0
DA:32,0
DA:33,0
DA:35,0
LF:18
LH:0
BRDA:32,0,0,0
BRF:1
BRH:0
end_of_record
TN:
SF:src/ingestion/ingestion.processor.ts
FN:15,(anonymous_2)
FN:30,(anonymous_3)
FN:47,(anonymous_4)
FNF:3
FNH:0
FNDA:0,(anonymous_2)
FNDA:0,(anonymous_3)
FNDA:0,(anonymous_4)
DA:1,0
DA:3,0
DA:4,0
DA:5,0
DA:6,0
DA:7,0
DA:8,0
DA:11,0
DA:12,0
DA:16,0
DA:17,0
DA:18,0
DA:19,0
DA:21,0
DA:30,0
DA:31,0
DA:34,0
DA:37,0
DA:38,0
DA:39,0
DA:40,0
DA:43,0
DA:45,0
DA:46,0
DA:47,0
DA:49,0
DA:59,0
DA:61,0
DA:62,0
LF:29
LH:0
BRDA:21,0,0,0
BRDA:21,0,1,0
BRDA:38,1,0,0
BRF:3
BRH:0
end_of_record
TN:
SF:src/ingestion/ingestion.service.ts
FN:14,(anonymous_4)
FN:23,(anonymous_5)
FN:40,(anonymous_6)
FN:44,(anonymous_7)
FN:48,(anonymous_8)
FNF:5
FNH:5
FNDA:5,(anonymous_4)
FNDA:2,(anonymous_5)
FNDA:1,(anonymous_6)
FNDA:1,(anonymous_7)
FNDA:2,(anonymous_8)
DA:1,2
DA:2,2
DA:3,2
DA:4,2
DA:6,2
DA:7,2
DA:11,2
DA:12,5
DA:16,5
DA:18,5
DA:20,5
DA:25,2
DA:26,2
DA:27,1
DA:30,1
DA:31,1
DA:34,1
DA:37,1
DA:41,1
DA:45,1
DA:49,2
LF:21
LH:21
BRDA:26,0,0,1
BRF:1
BRH:1
end_of_record
TN:
SF:src/users/users.controller.ts
FN:13,(anonymous_4)
FN:16,(anonymous_5)
FN:21,(anonymous_6)
FN:31,(anonymous_7)
FN:36,(anonymous_8)
FNF:5
FNH:0
FNDA:0,(anonymous_4)
FNDA:0,(anonymous_5)
FNDA:0,(anonymous_6)
FNDA:0,(anonymous_7)
FNDA:0,(anonymous_8)
DA:1,0
DA:2,0
DA:3,0
DA:4,0
DA:5,0
DA:6,0
DA:12,0
DA:13,0
DA:16,0
DA:17,0
DA:21,0
DA:22,0
DA:24,0
DA:25,0
DA:27,0
DA:31,0
DA:32,0
DA:36,0
DA:37,0
LF:19
LH:0
BRDA:24,0,0,0
BRF:1
BRH:0
end_of_record
TN:
SF:src/users/users.service.ts
FN:11,(anonymous_13)
FN:16,(anonymous_14)
FN:36,(anonymous_15)
FN:40,(anonymous_16)
FN:44,(anonymous_17)
FN:48,(anonymous_18)
FN:58,(anonymous_19)
FNF:7
FNH:7
FNDA:10,(anonymous_13)
FNDA:2,(anonymous_14)
FNDA:1,(anonymous_15)
FNDA:1,(anonymous_16)
FNDA:1,(anonymous_17)
FNDA:2,(anonymous_18)
FNDA:2,(anonymous_19)
DA:1,3
DA:2,3
DA:3,3
DA:4,3
DA:7,3
DA:10,3
DA:13,10
DA:17,2
DA:18,2
DA:19,1
DA:23,1
DA:26,1
DA:33,1
DA:37,1
DA:41,1
DA:45,1
DA:49,2
DA:51,2
DA:53,1
DA:55,1
DA:59,2
DA:60,2
DA:62,1
LF:23
LH:23
BRDA:18,0,0,1
BRDA:51,1,0,1
BRDA:60,2,0,1
BRF:3
BRH:3
end_of_record
